Determining if the pthread_create exist failed with the following output:
Change Dir: /home/baldwin/test/tutk/RDTServer_Vtech/RDTServer/RDTServer/build/CMakeFiles/CMakeTmp

Run Build Command:/usr/bin/make "cmTryCompileExec811009948/fast"
/usr/bin/make -f CMakeFiles/cmTryCompileExec811009948.dir/build.make CMakeFiles/cmTryCompileExec811009948.dir/build
make[1]: Entering directory `/home/baldwin/test/tutk/RDTServer_Vtech/RDTServer/RDTServer/build/CMakeFiles/CMakeTmp'
/usr/bin/cmake -E cmake_progress_report /home/baldwin/test/tutk/RDTServer_Vtech/RDTServer/RDTServer/build/CMakeFiles/CMakeTmp/CMakeFiles 1
Building C object CMakeFiles/cmTryCompileExec811009948.dir/CheckSymbolExists.c.o
/usr/bin/cc    -o CMakeFiles/cmTryCompileExec811009948.dir/CheckSymbolExists.c.o   -c /home/baldwin/test/tutk/RDTServer_Vtech/RDTServer/RDTServer/build/CMakeFiles/CMakeTmp/CheckSymbolExists.c
Linking C executable cmTryCompileExec811009948
/usr/bin/cmake -E cmake_link_script CMakeFiles/cmTryCompileExec811009948.dir/link.txt --verbose=1
/usr/bin/cc       CMakeFiles/cmTryCompileExec811009948.dir/CheckSymbolExists.c.o  -o cmTryCompileExec811009948 -rdynamic 
CMakeFiles/cmTryCompileExec811009948.dir/CheckSymbolExists.c.o: In function `main':
CheckSymbolExists.c:(.text+0xa): undefined reference to `pthread_create'
collect2: error: ld returned 1 exit status
make[1]: *** [cmTryCompileExec811009948] Error 1
make[1]: Leaving directory `/home/baldwin/test/tutk/RDTServer_Vtech/RDTServer/RDTServer/build/CMakeFiles/CMakeTmp'
make: *** [cmTryCompileExec811009948/fast] Error 2

File /home/baldwin/test/tutk/RDTServer_Vtech/RDTServer/RDTServer/build/CMakeFiles/CMakeTmp/CheckSymbolExists.c:
/* */
#include <pthread.h>

int main(int argc, char** argv)
{
  (void)argv;
#ifndef pthread_create
  return ((int*)(&pthread_create))[argc];
#else
  (void)argc;
  return 0;
#endif
}

Determining if the function pthread_create exists in the pthreads failed with the following output:
Change Dir: /home/baldwin/test/tutk/RDTServer_Vtech/RDTServer/RDTServer/build/CMakeFiles/CMakeTmp

Run Build Command:/usr/bin/make "cmTryCompileExec404542485/fast"
/usr/bin/make -f CMakeFiles/cmTryCompileExec404542485.dir/build.make CMakeFiles/cmTryCompileExec404542485.dir/build
make[1]: Entering directory `/home/baldwin/test/tutk/RDTServer_Vtech/RDTServer/RDTServer/build/CMakeFiles/CMakeTmp'
/usr/bin/cmake -E cmake_progress_report /home/baldwin/test/tutk/RDTServer_Vtech/RDTServer/RDTServer/build/CMakeFiles/CMakeTmp/CMakeFiles 1
Building C object CMakeFiles/cmTryCompileExec404542485.dir/CheckFunctionExists.c.o
/usr/bin/cc   -DCHECK_FUNCTION_EXISTS=pthread_create   -o CMakeFiles/cmTryCompileExec404542485.dir/CheckFunctionExists.c.o   -c /usr/share/cmake-2.8/Modules/CheckFunctionExists.c
Linking C executable cmTryCompileExec404542485
/usr/bin/cmake -E cmake_link_script CMakeFiles/cmTryCompileExec404542485.dir/link.txt --verbose=1
/usr/bin/cc   -DCHECK_FUNCTION_EXISTS=pthread_create    CMakeFiles/cmTryCompileExec404542485.dir/CheckFunctionExists.c.o  -o cmTryCompileExec404542485 -rdynamic -lpthreads 
/usr/bin/ld: cannot find -lpthreads
collect2: error: ld returned 1 exit status
make[1]: Leaving directory `/home/baldwin/test/tutk/RDTServer_Vtech/RDTServer/RDTServer/build/CMakeFiles/CMakeTmp'
make[1]: *** [cmTryCompileExec404542485] Error 1
make: *** [cmTryCompileExec404542485/fast] Error 2


