Determining if the pthread_create exist failed with the following output:
Change Dir: /home/jakey/sf_RDTServer_Vtech/RDTServer/RDTServer/build/CMakeFiles/CMakeTmp

Run Build Command:/usr/bin/make "cmTryCompileExec272470252/fast"
/usr/bin/make -f CMakeFiles/cmTryCompileExec272470252.dir/build.make CMakeFiles/cmTryCompileExec272470252.dir/build
make[1]: Entering directory `/media/sf_RDTServer_Vtech/RDTServer/RDTServer/build/CMakeFiles/CMakeTmp'
/usr/bin/cmake -E cmake_progress_report /home/jakey/sf_RDTServer_Vtech/RDTServer/RDTServer/build/CMakeFiles/CMakeTmp/CMakeFiles 1
Building C object CMakeFiles/cmTryCompileExec272470252.dir/CheckSymbolExists.c.o
/usr/bin/cc    -o CMakeFiles/cmTryCompileExec272470252.dir/CheckSymbolExists.c.o   -c /home/jakey/sf_RDTServer_Vtech/RDTServer/RDTServer/build/CMakeFiles/CMakeTmp/CheckSymbolExists.c
Linking C executable cmTryCompileExec272470252
/usr/bin/cmake -E cmake_link_script CMakeFiles/cmTryCompileExec272470252.dir/link.txt --verbose=1
/usr/bin/cc       CMakeFiles/cmTryCompileExec272470252.dir/CheckSymbolExists.c.o  -o cmTryCompileExec272470252 -rdynamic 
CMakeFiles/cmTryCompileExec272470252.dir/CheckSymbolExists.c.o: In function `main':
CheckSymbolExists.c:(.text+0xa): 未定義參考到「pthread_create」
collect2: error: ld returned 1 exit status
make[1]: *** [cmTryCompileExec272470252] Error 1
make[1]: Leaving directory `/media/sf_RDTServer_Vtech/RDTServer/RDTServer/build/CMakeFiles/CMakeTmp'
make: *** [cmTryCompileExec272470252/fast] Error 2

File /home/jakey/sf_RDTServer_Vtech/RDTServer/RDTServer/build/CMakeFiles/CMakeTmp/CheckSymbolExists.c:
/* */
#include <pthread.h>

int main(int argc, char** argv)
{
  (void)argv;
#ifndef pthread_create
  return ((int*)(&pthread_create))[argc];
#else
  (void)argc;
  return 0;
#endif
}

Determining if the function pthread_create exists in the pthreads failed with the following output:
Change Dir: /home/jakey/sf_RDTServer_Vtech/RDTServer/RDTServer/build/CMakeFiles/CMakeTmp

Run Build Command:/usr/bin/make "cmTryCompileExec2846189785/fast"
/usr/bin/make -f CMakeFiles/cmTryCompileExec2846189785.dir/build.make CMakeFiles/cmTryCompileExec2846189785.dir/build
make[1]: Entering directory `/media/sf_RDTServer_Vtech/RDTServer/RDTServer/build/CMakeFiles/CMakeTmp'
/usr/bin/cmake -E cmake_progress_report /home/jakey/sf_RDTServer_Vtech/RDTServer/RDTServer/build/CMakeFiles/CMakeTmp/CMakeFiles 1
Building C object CMakeFiles/cmTryCompileExec2846189785.dir/CheckFunctionExists.c.o
/usr/bin/cc   -DCHECK_FUNCTION_EXISTS=pthread_create   -o CMakeFiles/cmTryCompileExec2846189785.dir/CheckFunctionExists.c.o   -c /usr/share/cmake-2.8/Modules/CheckFunctionExists.c
Linking C executable cmTryCompileExec2846189785
/usr/bin/cmake -E cmake_link_script CMakeFiles/cmTryCompileExec2846189785.dir/link.txt --verbose=1
/usr/bin/cc   -DCHECK_FUNCTION_EXISTS=pthread_create    CMakeFiles/cmTryCompileExec2846189785.dir/CheckFunctionExists.c.o  -o cmTryCompileExec2846189785 -rdynamic -lpthreads 
/usr/bin/ld: cannot find -lpthreads
collect2: error: ld returned 1 exit status
make[1]: *** [cmTryCompileExec2846189785] Error 1
make[1]: Leaving directory `/media/sf_RDTServer_Vtech/RDTServer/RDTServer/build/CMakeFiles/CMakeTmp'
make: *** [cmTryCompileExec2846189785/fast] Error 2


